Started GET "/" for 127.0.0.1 at 2023-09-26 23:47:21 +0100
  
ActiveRecord::NoDatabaseError (We could not find your database: hello_rails_react_development. Which can be found in the database configuration file located at config/database.yml.

To resolve this issue:

- Did you create the database for this app, or delete it? You may need to create your database.
- Has the database name changed? Check your database.yml config has the correct database name.

To create your database, run:

        bin/rails db:create
):
  
activerecord (7.0.8) lib/active_record/connection_adapters/postgresql_adapter.rb:81:in `rescue in new_client'
activerecord (7.0.8) lib/active_record/connection_adapters/postgresql_adapter.rb:77:in `new_client'
activerecord (7.0.8) lib/active_record/connection_adapters/postgresql_adapter.rb:37:in `postgresql_connection'
activerecord (7.0.8) lib/active_record/connection_adapters/abstract/connection_pool.rb:656:in `public_send'
activerecord (7.0.8) lib/active_record/connection_adapters/abstract/connection_pool.rb:656:in `new_connection'
activerecord (7.0.8) lib/active_record/connection_adapters/abstract/connection_pool.rb:700:in `checkout_new_connection'
activerecord (7.0.8) lib/active_record/connection_adapters/abstract/connection_pool.rb:679:in `try_to_checkout_new_connection'
activerecord (7.0.8) lib/active_record/connection_adapters/abstract/connection_pool.rb:640:in `acquire_connection'
activerecord (7.0.8) lib/active_record/connection_adapters/abstract/connection_pool.rb:341:in `checkout'
activerecord (7.0.8) lib/active_record/connection_adapters/abstract/connection_pool.rb:181:in `connection'
activerecord (7.0.8) lib/active_record/connection_adapters/abstract/connection_handler.rb:211:in `retrieve_connection'
activerecord (7.0.8) lib/active_record/connection_handling.rb:313:in `retrieve_connection'
activerecord (7.0.8) lib/active_record/connection_handling.rb:280:in `connection'
activerecord (7.0.8) lib/active_record/migration.rb:648:in `connection'
activerecord (7.0.8) lib/active_record/migration.rb:643:in `build_watcher'
activerecord (7.0.8) lib/active_record/migration.rb:625:in `block in call'
activerecord (7.0.8) lib/active_record/migration.rb:624:in `synchronize'
activerecord (7.0.8) lib/active_record/migration.rb:624:in `call'
actionpack (7.0.8) lib/action_dispatch/middleware/callbacks.rb:27:in `block in call'
activesupport (7.0.8) lib/active_support/callbacks.rb:99:in `run_callbacks'
actionpack (7.0.8) lib/action_dispatch/middleware/callbacks.rb:26:in `call'
actionpack (7.0.8) lib/action_dispatch/middleware/executor.rb:14:in `call'
actionpack (7.0.8) lib/action_dispatch/middleware/actionable_exceptions.rb:17:in `call'
actionpack (7.0.8) lib/action_dispatch/middleware/debug_exceptions.rb:28:in `call'
web-console (4.2.1) lib/web_console/middleware.rb:132:in `call_app'
web-console (4.2.1) lib/web_console/middleware.rb:28:in `block in call'
web-console (4.2.1) lib/web_console/middleware.rb:17:in `catch'
web-console (4.2.1) lib/web_console/middleware.rb:17:in `call'
actionpack (7.0.8) lib/action_dispatch/middleware/show_exceptions.rb:29:in `call'
railties (7.0.8) lib/rails/rack/logger.rb:40:in `call_app'
railties (7.0.8) lib/rails/rack/logger.rb:25:in `block in call'
activesupport (7.0.8) lib/active_support/tagged_logging.rb:99:in `block in tagged'
activesupport (7.0.8) lib/active_support/tagged_logging.rb:37:in `tagged'
activesupport (7.0.8) lib/active_support/tagged_logging.rb:99:in `tagged'
railties (7.0.8) lib/rails/rack/logger.rb:25:in `call'
sprockets-rails (3.4.2) lib/sprockets/rails/quiet_assets.rb:13:in `call'
actionpack (7.0.8) lib/action_dispatch/middleware/remote_ip.rb:93:in `call'
actionpack (7.0.8) lib/action_dispatch/middleware/request_id.rb:26:in `call'
rack (2.2.8) lib/rack/method_override.rb:24:in `call'
rack (2.2.8) lib/rack/runtime.rb:22:in `call'
activesupport (7.0.8) lib/active_support/cache/strategy/local_cache_middleware.rb:29:in `call'
actionpack (7.0.8) lib/action_dispatch/middleware/server_timing.rb:61:in `block in call'
actionpack (7.0.8) lib/action_dispatch/middleware/server_timing.rb:26:in `collect_events'
actionpack (7.0.8) lib/action_dispatch/middleware/server_timing.rb:60:in `call'
actionpack (7.0.8) lib/action_dispatch/middleware/executor.rb:14:in `call'
actionpack (7.0.8) lib/action_dispatch/middleware/static.rb:23:in `call'
rack (2.2.8) lib/rack/sendfile.rb:110:in `call'
actionpack (7.0.8) lib/action_dispatch/middleware/host_authorization.rb:138:in `call'
railties (7.0.8) lib/rails/engine.rb:530:in `call'
puma (5.6.7) lib/puma/configuration.rb:252:in `call'
puma (5.6.7) lib/puma/request.rb:77:in `block in handle_request'
puma (5.6.7) lib/puma/thread_pool.rb:340:in `with_force_shutdown'
puma (5.6.7) lib/puma/request.rb:76:in `handle_request'
puma (5.6.7) lib/puma/server.rb:443:in `process_client'
puma (5.6.7) lib/puma/thread_pool.rb:147:in `block in spawn_thread'
  [1m[35m (374.5ms)[0m  [1m[35mCREATE DATABASE "hello_rails_react_development" ENCODING = 'unicode'[0m
  [1m[35m (185.1ms)[0m  [1m[35mCREATE DATABASE "hello_rails_react_test" ENCODING = 'unicode'[0m
Started GET "/" for 127.0.0.1 at 2023-09-26 23:52:30 +0100
Processing by RootController#index as HTML
  Rendering layout layouts/application.html.erb
  Rendering root/index.html.erb within layouts/application
  Rendered root/index.html.erb within layouts/application (Duration: 3.2ms | Allocations: 295)
  Rendered layout layouts/application.html.erb (Duration: 611.6ms | Allocations: 68842)
Completed 200 OK in 638ms (Views: 617.2ms | ActiveRecord: 0.0ms | Allocations: 73288)


Started GET "/" for 127.0.0.1 at 2023-09-26 23:54:01 +0100
Processing by RootController#index as HTML
  Rendering layout layouts/application.html.erb
  Rendering root/index.html.erb within layouts/application
  Rendered root/index.html.erb within layouts/application (Duration: 0.0ms | Allocations: 7)
  Rendered layout layouts/application.html.erb (Duration: 310.7ms | Allocations: 4948)
Completed 200 OK in 311ms (Views: 311.2ms | ActiveRecord: 0.0ms | Allocations: 5190)


Started GET "/" for 127.0.0.1 at 2023-09-26 23:54:19 +0100
Processing by RootController#index as HTML
  Rendering layout layouts/application.html.erb
  Rendering root/index.html.erb within layouts/application
  Rendered root/index.html.erb within layouts/application (Duration: 0.0ms | Allocations: 7)
  Rendered layout layouts/application.html.erb (Duration: 334.1ms | Allocations: 4893)
Completed 200 OK in 335ms (Views: 334.6ms | ActiveRecord: 0.0ms | Allocations: 5131)


  [1m[35m (21.0ms)[0m  [1m[35mCREATE TABLE "schema_migrations" ("version" character varying NOT NULL PRIMARY KEY)[0m
  [1m[35m (3.3ms)[0m  [1m[35mCREATE TABLE "ar_internal_metadata" ("key" character varying NOT NULL PRIMARY KEY, "value" character varying, "created_at" timestamp(6) NOT NULL, "updated_at" timestamp(6) NOT NULL)[0m
  [1m[35m (0.2ms)[0m  [1m[34mSELECT pg_try_advisory_lock(6835469566630085430)[0m
  [1m[36mActiveRecord::SchemaMigration Pluck (0.4ms)[0m  [1m[34mSELECT "schema_migrations"."version" FROM "schema_migrations" ORDER BY "schema_migrations"."version" ASC[0m
Migrating to CreateMessage (20230927112004)
  [1m[36mTRANSACTION (0.1ms)[0m  [1m[35mBEGIN[0m
  [1m[35m (4.2ms)[0m  [1m[35mCREATE TABLE "messages" ("id" bigserial primary key, "country" character varying, "greeting" text, "created_at" timestamp(6) NOT NULL, "updated_at" timestamp(6) NOT NULL)[0m
  [1m[36mActiveRecord::SchemaMigration Create (1.7ms)[0m  [1m[32mINSERT INTO "schema_migrations" ("version") VALUES ($1) RETURNING "version"[0m  [["version", "20230927112004"]]
  [1m[36mTRANSACTION (0.4ms)[0m  [1m[35mCOMMIT[0m
  [1m[36mActiveRecord::InternalMetadata Load (1.0ms)[0m  [1m[34mSELECT "ar_internal_metadata".* FROM "ar_internal_metadata" WHERE "ar_internal_metadata"."key" = $1 LIMIT $2[0m  [["key", "environment"], ["LIMIT", 1]]
  [1m[36mTRANSACTION (0.2ms)[0m  [1m[35mBEGIN[0m
  [1m[36mActiveRecord::InternalMetadata Create (1.5ms)[0m  [1m[32mINSERT INTO "ar_internal_metadata" ("key", "value", "created_at", "updated_at") VALUES ($1, $2, $3, $4) RETURNING "key"[0m  [["key", "environment"], ["value", "development"], ["created_at", "2023-09-27 11:20:56.086862"], ["updated_at", "2023-09-27 11:20:56.086862"]]
  [1m[36mTRANSACTION (0.5ms)[0m  [1m[35mCOMMIT[0m
  [1m[35m (0.3ms)[0m  [1m[34mSELECT pg_advisory_unlock(6835469566630085430)[0m
  [1m[36mActiveRecord::SchemaMigration Pluck (1.2ms)[0m  [1m[34mSELECT "schema_migrations"."version" FROM "schema_migrations" ORDER BY "schema_migrations"."version" ASC[0m
  [1m[36mActiveRecord::SchemaMigration Pluck (0.5ms)[0m  [1m[34mSELECT "schema_migrations"."version" FROM "schema_migrations" ORDER BY "schema_migrations"."version" ASC[0m
  [1m[35m (0.2ms)[0m  [1m[34mSELECT pg_try_advisory_lock(6835469566630085430)[0m
  [1m[36mActiveRecord::SchemaMigration Pluck (0.5ms)[0m  [1m[34mSELECT "schema_migrations"."version" FROM "schema_migrations" ORDER BY "schema_migrations"."version" ASC[0m
Migrating to CreateMessages (20230927113800)
  [1m[36mTRANSACTION (0.1ms)[0m  [1m[35mBEGIN[0m
  [1m[35m (10.3ms)[0m  [1m[35mCREATE TABLE "messages" ("id" bigserial primary key, "created_at" timestamp(6) NOT NULL, "updated_at" timestamp(6) NOT NULL)[0m
  [1m[36mTRANSACTION (0.1ms)[0m  [1m[31mROLLBACK[0m
  [1m[35m (0.2ms)[0m  [1m[34mSELECT pg_advisory_unlock(6835469566630085430)[0m
  [1m[35m (0.2ms)[0m  [1m[34mSELECT pg_try_advisory_lock(6835469566630085430)[0m
  [1m[36mActiveRecord::SchemaMigration Pluck (0.5ms)[0m  [1m[34mSELECT "schema_migrations"."version" FROM "schema_migrations" ORDER BY "schema_migrations"."version" ASC[0m
Migrating to CreateMessages (20230927113800)
  [1m[36mTRANSACTION (0.1ms)[0m  [1m[35mBEGIN[0m
  [1m[35m (3.3ms)[0m  [1m[35mCREATE TABLE "messages" ("id" bigserial primary key, "country" character varying, "greeting" text, "created_at" timestamp(6) NOT NULL, "updated_at" timestamp(6) NOT NULL)[0m
  [1m[36mTRANSACTION (0.1ms)[0m  [1m[31mROLLBACK[0m
  [1m[35m (0.2ms)[0m  [1m[34mSELECT pg_advisory_unlock(6835469566630085430)[0m
  [1m[36mActiveRecord::SchemaMigration Pluck (0.5ms)[0m  [1m[34mSELECT "schema_migrations"."version" FROM "schema_migrations" ORDER BY "schema_migrations"."version" ASC[0m
  [1m[36mActiveRecord::SchemaMigration Pluck (0.2ms)[0m  [1m[34mSELECT "schema_migrations"."version" FROM "schema_migrations" ORDER BY "schema_migrations"."version" ASC[0m
  [1m[36mActiveRecord::SchemaMigration Pluck (0.1ms)[0m  [1m[34mSELECT "schema_migrations"."version" FROM "schema_migrations" ORDER BY "schema_migrations"."version" ASC[0m
  [1m[35m (0.1ms)[0m  [1m[34mSELECT pg_try_advisory_lock(6835469566630085430)[0m
  [1m[36mActiveRecord::SchemaMigration Pluck (0.2ms)[0m  [1m[34mSELECT "schema_migrations"."version" FROM "schema_migrations" ORDER BY "schema_migrations"."version" ASC[0m
Migrating to CreateMessage (20230927112004)
  [1m[36mTRANSACTION (0.1ms)[0m  [1m[35mBEGIN[0m
  [1m[35m (7.0ms)[0m  [1m[35mDROP TABLE "messages"[0m
  [1m[36mActiveRecord::SchemaMigration Delete All (2.8ms)[0m  [1m[31mDELETE FROM "schema_migrations" WHERE "schema_migrations"."version" = $1[0m  [["version", "20230927112004"]]
  [1m[36mTRANSACTION (1.3ms)[0m  [1m[35mCOMMIT[0m
  [1m[35m (0.2ms)[0m  [1m[34mSELECT pg_advisory_unlock(6835469566630085430)[0m
  [1m[36mActiveRecord::SchemaMigration Pluck (0.6ms)[0m  [1m[34mSELECT "schema_migrations"."version" FROM "schema_migrations" ORDER BY "schema_migrations"."version" ASC[0m
  [1m[36mActiveRecord::SchemaMigration Pluck (0.5ms)[0m  [1m[34mSELECT "schema_migrations"."version" FROM "schema_migrations" ORDER BY "schema_migrations"."version" ASC[0m
  [1m[36mActiveRecord::SchemaMigration Pluck (0.2ms)[0m  [1m[34mSELECT "schema_migrations"."version" FROM "schema_migrations" ORDER BY "schema_migrations"."version" ASC[0m
  [1m[35mSQL (2.1ms)[0m  [1m[35mCREATE EXTENSION IF NOT EXISTS "plpgsql"[0m
  [1m[36mActiveRecord::SchemaMigration Pluck (0.5ms)[0m  [1m[34mSELECT "schema_migrations"."version" FROM "schema_migrations" ORDER BY "schema_migrations"."version" ASC[0m
  [1m[35m (2.4ms)[0m  [1m[32mINSERT INTO "schema_migrations" (version) VALUES (0)[0m
  [1m[36mActiveRecord::InternalMetadata Load (0.7ms)[0m  [1m[34mSELECT "ar_internal_metadata".* FROM "ar_internal_metadata" WHERE "ar_internal_metadata"."key" = $1 LIMIT $2[0m  [["key", "environment"], ["LIMIT", 1]]
  [1m[36mActiveRecord::InternalMetadata Load (0.1ms)[0m  [1m[34mSELECT "ar_internal_metadata".* FROM "ar_internal_metadata" WHERE "ar_internal_metadata"."key" = $1 LIMIT $2[0m  [["key", "environment"], ["LIMIT", 1]]
  [1m[36mActiveRecord::InternalMetadata Load (0.1ms)[0m  [1m[34mSELECT "ar_internal_metadata".* FROM "ar_internal_metadata" WHERE "ar_internal_metadata"."key" = $1 LIMIT $2[0m  [["key", "schema_sha1"], ["LIMIT", 1]]
  [1m[36mTRANSACTION (0.1ms)[0m  [1m[35mBEGIN[0m
  [1m[36mActiveRecord::InternalMetadata Create (0.3ms)[0m  [1m[32mINSERT INTO "ar_internal_metadata" ("key", "value", "created_at", "updated_at") VALUES ($1, $2, $3, $4) RETURNING "key"[0m  [["key", "schema_sha1"], ["value", "58addd46498439b0246039134434c38aae6c70d3"], ["created_at", "2023-09-27 11:43:00.097473"], ["updated_at", "2023-09-27 11:43:00.097473"]]
  [1m[36mTRANSACTION (0.3ms)[0m  [1m[35mCOMMIT[0m
  [1m[35mSQL (0.2ms)[0m  [1m[35mCREATE EXTENSION IF NOT EXISTS "plpgsql"[0m
  [1m[35m (5.7ms)[0m  [1m[35mCREATE TABLE "schema_migrations" ("version" character varying NOT NULL PRIMARY KEY)[0m
  [1m[36mActiveRecord::SchemaMigration Pluck (0.4ms)[0m  [1m[34mSELECT "schema_migrations"."version" FROM "schema_migrations" ORDER BY "schema_migrations"."version" ASC[0m
  [1m[35m (0.5ms)[0m  [1m[32mINSERT INTO "schema_migrations" (version) VALUES (0)[0m
  [1m[35m (2.2ms)[0m  [1m[35mCREATE TABLE "ar_internal_metadata" ("key" character varying NOT NULL PRIMARY KEY, "value" character varying, "created_at" timestamp(6) NOT NULL, "updated_at" timestamp(6) NOT NULL)[0m
  [1m[36mActiveRecord::InternalMetadata Load (0.3ms)[0m  [1m[34mSELECT "ar_internal_metadata".* FROM "ar_internal_metadata" WHERE "ar_internal_metadata"."key" = $1 LIMIT $2[0m  [["key", "environment"], ["LIMIT", 1]]
  [1m[36mTRANSACTION (0.1ms)[0m  [1m[35mBEGIN[0m
  [1m[36mActiveRecord::InternalMetadata Create (0.4ms)[0m  [1m[32mINSERT INTO "ar_internal_metadata" ("key", "value", "created_at", "updated_at") VALUES ($1, $2, $3, $4) RETURNING "key"[0m  [["key", "environment"], ["value", "development"], ["created_at", "2023-09-27 11:43:00.151461"], ["updated_at", "2023-09-27 11:43:00.151461"]]
  [1m[36mTRANSACTION (0.3ms)[0m  [1m[35mCOMMIT[0m
  [1m[36mActiveRecord::InternalMetadata Load (0.2ms)[0m  [1m[34mSELECT "ar_internal_metadata".* FROM "ar_internal_metadata" WHERE "ar_internal_metadata"."key" = $1 LIMIT $2[0m  [["key", "environment"], ["LIMIT", 1]]
  [1m[36mTRANSACTION (0.1ms)[0m  [1m[35mBEGIN[0m
  [1m[36mActiveRecord::InternalMetadata Update (1.1ms)[0m  [1m[33mUPDATE "ar_internal_metadata" SET "value" = $1, "updated_at" = $2 WHERE "ar_internal_metadata"."key" = $3[0m  [["value", "test"], ["updated_at", "2023-09-27 11:43:00.156403"], ["key", "environment"]]
  [1m[36mTRANSACTION (0.3ms)[0m  [1m[35mCOMMIT[0m
  [1m[36mActiveRecord::InternalMetadata Load (0.3ms)[0m  [1m[34mSELECT "ar_internal_metadata".* FROM "ar_internal_metadata" WHERE "ar_internal_metadata"."key" = $1 LIMIT $2[0m  [["key", "schema_sha1"], ["LIMIT", 1]]
  [1m[36mTRANSACTION (0.1ms)[0m  [1m[35mBEGIN[0m
  [1m[36mActiveRecord::InternalMetadata Create (0.2ms)[0m  [1m[32mINSERT INTO "ar_internal_metadata" ("key", "value", "created_at", "updated_at") VALUES ($1, $2, $3, $4) RETURNING "key"[0m  [["key", "schema_sha1"], ["value", "58addd46498439b0246039134434c38aae6c70d3"], ["created_at", "2023-09-27 11:43:00.189389"], ["updated_at", "2023-09-27 11:43:00.189389"]]
  [1m[36mTRANSACTION (0.3ms)[0m  [1m[35mCOMMIT[0m
  [1m[35m (0.2ms)[0m  [1m[34mSELECT pg_try_advisory_lock(6835469566630085430)[0m
  [1m[36mActiveRecord::SchemaMigration Pluck (0.4ms)[0m  [1m[34mSELECT "schema_migrations"."version" FROM "schema_migrations" ORDER BY "schema_migrations"."version" ASC[0m
Migrating to CreateMessages (20230927113800)
  [1m[36mTRANSACTION (0.1ms)[0m  [1m[35mBEGIN[0m
  [1m[35m (3.6ms)[0m  [1m[35mCREATE TABLE "messages" ("id" bigserial primary key, "country" character varying, "greeting" text, "created_at" timestamp(6) NOT NULL, "updated_at" timestamp(6) NOT NULL)[0m
  [1m[36mActiveRecord::SchemaMigration Create (0.2ms)[0m  [1m[32mINSERT INTO "schema_migrations" ("version") VALUES ($1) RETURNING "version"[0m  [["version", "20230927113800"]]
  [1m[36mTRANSACTION (0.3ms)[0m  [1m[35mCOMMIT[0m
  [1m[36mActiveRecord::InternalMetadata Load (0.3ms)[0m  [1m[34mSELECT "ar_internal_metadata".* FROM "ar_internal_metadata" WHERE "ar_internal_metadata"."key" = $1 LIMIT $2[0m  [["key", "environment"], ["LIMIT", 1]]
  [1m[35m (0.4ms)[0m  [1m[34mSELECT pg_advisory_unlock(6835469566630085430)[0m
  [1m[36mActiveRecord::SchemaMigration Pluck (0.5ms)[0m  [1m[34mSELECT "schema_migrations"."version" FROM "schema_migrations" ORDER BY "schema_migrations"."version" ASC[0m
  [1m[36mActiveRecord::SchemaMigration Pluck (0.4ms)[0m  [1m[34mSELECT "schema_migrations"."version" FROM "schema_migrations" ORDER BY "schema_migrations"."version" ASC[0m
  [1m[36mActiveRecord::SchemaMigration Pluck (0.6ms)[0m  [1m[34mSELECT "schema_migrations"."version" FROM "schema_migrations" ORDER BY "schema_migrations"."version" ASC[0m
  [1m[36mActiveRecord::SchemaMigration Pluck (0.5ms)[0m  [1m[34mSELECT "schema_migrations"."version" FROM "schema_migrations" ORDER BY "schema_migrations"."version" ASC[0m
  [1m[36mTRANSACTION (0.1ms)[0m  [1m[35mBEGIN[0m
  [1m[36mMessage Create (1.6ms)[0m  [1m[32mINSERT INTO "messages" ("country", "greeting", "created_at", "updated_at") VALUES ($1, $2, $3, $4) RETURNING "id"[0m  [["country", "UK"], ["greeting", "Hello"], ["created_at", "2023-09-27 11:47:26.599876"], ["updated_at", "2023-09-27 11:47:26.599876"]]
  [1m[36mTRANSACTION (0.3ms)[0m  [1m[35mCOMMIT[0m
  [1m[36mTRANSACTION (0.1ms)[0m  [1m[35mBEGIN[0m
  [1m[36mMessage Create (0.2ms)[0m  [1m[32mINSERT INTO "messages" ("country", "greeting", "created_at", "updated_at") VALUES ($1, $2, $3, $4) RETURNING "id"[0m  [["country", "Spain"], ["greeting", "Hola"], ["created_at", "2023-09-27 11:47:26.604547"], ["updated_at", "2023-09-27 11:47:26.604547"]]
  [1m[36mTRANSACTION (0.3ms)[0m  [1m[35mCOMMIT[0m
  [1m[36mTRANSACTION (0.1ms)[0m  [1m[35mBEGIN[0m
  [1m[36mMessage Create (0.2ms)[0m  [1m[32mINSERT INTO "messages" ("country", "greeting", "created_at", "updated_at") VALUES ($1, $2, $3, $4) RETURNING "id"[0m  [["country", "France"], ["greeting", "Bonjour"], ["created_at", "2023-09-27 11:47:26.607314"], ["updated_at", "2023-09-27 11:47:26.607314"]]
  [1m[36mTRANSACTION (0.3ms)[0m  [1m[35mCOMMIT[0m
  [1m[36mTRANSACTION (0.1ms)[0m  [1m[35mBEGIN[0m
  [1m[36mMessage Create (0.2ms)[0m  [1m[32mINSERT INTO "messages" ("country", "greeting", "created_at", "updated_at") VALUES ($1, $2, $3, $4) RETURNING "id"[0m  [["country", "Finland"], ["greeting", "Hei"], ["created_at", "2023-09-27 11:47:26.610175"], ["updated_at", "2023-09-27 11:47:26.610175"]]
  [1m[36mTRANSACTION (0.3ms)[0m  [1m[35mCOMMIT[0m
  [1m[36mTRANSACTION (0.1ms)[0m  [1m[35mBEGIN[0m
  [1m[36mMessage Create (0.2ms)[0m  [1m[32mINSERT INTO "messages" ("country", "greeting", "created_at", "updated_at") VALUES ($1, $2, $3, $4) RETURNING "id"[0m  [["country", "Netherlands"], ["greeting", "Hallo"], ["created_at", "2023-09-27 11:47:26.613714"], ["updated_at", "2023-09-27 11:47:26.613714"]]
  [1m[36mTRANSACTION (0.3ms)[0m  [1m[35mCOMMIT[0m
  [1m[36mActiveRecord::SchemaMigration Pluck (0.5ms)[0m  [1m[34mSELECT "schema_migrations"."version" FROM "schema_migrations" ORDER BY "schema_migrations"."version" ASC[0m
  [1m[36mActiveRecord::SchemaMigration Pluck (0.2ms)[0m  [1m[34mSELECT "schema_migrations"."version" FROM "schema_migrations" ORDER BY "schema_migrations"."version" ASC[0m
  [1m[36mActiveRecord::SchemaMigration Pluck (0.2ms)[0m  [1m[34mSELECT "schema_migrations"."version" FROM "schema_migrations" ORDER BY "schema_migrations"."version" ASC[0m
  [1m[35m (0.2ms)[0m  [1m[34mSELECT pg_try_advisory_lock(6835469566630085430)[0m
  [1m[36mActiveRecord::SchemaMigration Pluck (0.2ms)[0m  [1m[34mSELECT "schema_migrations"."version" FROM "schema_migrations" ORDER BY "schema_migrations"."version" ASC[0m
Migrating to CreateMessages (20230927113800)
  [1m[36mTRANSACTION (0.1ms)[0m  [1m[35mBEGIN[0m
  [1m[35m (1.9ms)[0m  [1m[35mDROP TABLE "messages"[0m
  [1m[36mActiveRecord::SchemaMigration Delete All (0.4ms)[0m  [1m[31mDELETE FROM "schema_migrations" WHERE "schema_migrations"."version" = $1[0m  [["version", "20230927113800"]]
  [1m[36mTRANSACTION (1.8ms)[0m  [1m[35mCOMMIT[0m
  [1m[35m (0.2ms)[0m  [1m[34mSELECT pg_advisory_unlock(6835469566630085430)[0m
  [1m[36mActiveRecord::SchemaMigration Pluck (0.6ms)[0m  [1m[34mSELECT "schema_migrations"."version" FROM "schema_migrations" ORDER BY "schema_migrations"."version" ASC[0m
  [1m[35m (0.1ms)[0m  [1m[34mSELECT pg_try_advisory_lock(6835469566630085430)[0m
  [1m[36mActiveRecord::SchemaMigration Pluck (0.5ms)[0m  [1m[34mSELECT "schema_migrations"."version" FROM "schema_migrations" ORDER BY "schema_migrations"."version" ASC[0m
Migrating to CreateMessages (20230927113800)
  [1m[36mTRANSACTION (0.1ms)[0m  [1m[35mBEGIN[0m
  [1m[35m (4.1ms)[0m  [1m[35mCREATE TABLE "messages" ("id" bigserial primary key, "country" character varying, "greeting" text, "created_at" timestamp(6) NOT NULL, "updated_at" timestamp(6) NOT NULL)[0m
  [1m[36mActiveRecord::SchemaMigration Create (0.4ms)[0m  [1m[32mINSERT INTO "schema_migrations" ("version") VALUES ($1) RETURNING "version"[0m  [["version", "20230927113800"]]
  [1m[36mTRANSACTION (1.0ms)[0m  [1m[35mCOMMIT[0m
  [1m[36mActiveRecord::InternalMetadata Load (0.6ms)[0m  [1m[34mSELECT "ar_internal_metadata".* FROM "ar_internal_metadata" WHERE "ar_internal_metadata"."key" = $1 LIMIT $2[0m  [["key", "environment"], ["LIMIT", 1]]
  [1m[35m (0.2ms)[0m  [1m[34mSELECT pg_advisory_unlock(6835469566630085430)[0m
  [1m[36mActiveRecord::SchemaMigration Pluck (0.9ms)[0m  [1m[34mSELECT "schema_migrations"."version" FROM "schema_migrations" ORDER BY "schema_migrations"."version" ASC[0m
  [1m[36mActiveRecord::SchemaMigration Pluck (0.5ms)[0m  [1m[34mSELECT "schema_migrations"."version" FROM "schema_migrations" ORDER BY "schema_migrations"."version" ASC[0m
  [1m[36mTRANSACTION (0.1ms)[0m  [1m[35mBEGIN[0m
  [1m[36mMessage Create (1.5ms)[0m  [1m[32mINSERT INTO "messages" ("country", "greeting", "created_at", "updated_at") VALUES ($1, $2, $3, $4) RETURNING "id"[0m  [["country", "UK"], ["greeting", "Hello"], ["created_at", "2023-09-27 11:56:00.442321"], ["updated_at", "2023-09-27 11:56:00.442321"]]
  [1m[36mTRANSACTION (0.4ms)[0m  [1m[35mCOMMIT[0m
  [1m[36mTRANSACTION (0.1ms)[0m  [1m[35mBEGIN[0m
  [1m[36mMessage Create (0.2ms)[0m  [1m[32mINSERT INTO "messages" ("country", "greeting", "created_at", "updated_at") VALUES ($1, $2, $3, $4) RETURNING "id"[0m  [["country", "Spain"], ["greeting", "Hola"], ["created_at", "2023-09-27 11:56:00.446976"], ["updated_at", "2023-09-27 11:56:00.446976"]]
  [1m[36mTRANSACTION (0.3ms)[0m  [1m[35mCOMMIT[0m
  [1m[36mTRANSACTION (0.1ms)[0m  [1m[35mBEGIN[0m
  [1m[36mMessage Create (0.2ms)[0m  [1m[32mINSERT INTO "messages" ("country", "greeting", "created_at", "updated_at") VALUES ($1, $2, $3, $4) RETURNING "id"[0m  [["country", "France"], ["greeting", "Bonjour"], ["created_at", "2023-09-27 11:56:00.449797"], ["updated_at", "2023-09-27 11:56:00.449797"]]
  [1m[36mTRANSACTION (0.3ms)[0m  [1m[35mCOMMIT[0m
  [1m[36mTRANSACTION (0.1ms)[0m  [1m[35mBEGIN[0m
  [1m[36mMessage Create (0.7ms)[0m  [1m[32mINSERT INTO "messages" ("country", "greeting", "created_at", "updated_at") VALUES ($1, $2, $3, $4) RETURNING "id"[0m  [["country", "Finland"], ["greeting", "Hei"], ["created_at", "2023-09-27 11:56:00.452710"], ["updated_at", "2023-09-27 11:56:00.452710"]]
  [1m[36mTRANSACTION (2.9ms)[0m  [1m[35mCOMMIT[0m
  [1m[36mTRANSACTION (1.0ms)[0m  [1m[35mBEGIN[0m
  [1m[36mMessage Create (1.2ms)[0m  [1m[32mINSERT INTO "messages" ("country", "greeting", "created_at", "updated_at") VALUES ($1, $2, $3, $4) RETURNING "id"[0m  [["country", "Netherlands"], ["greeting", "Hallo"], ["created_at", "2023-09-27 11:56:00.459688"], ["updated_at", "2023-09-27 11:56:00.459688"]]
  [1m[36mTRANSACTION (1.2ms)[0m  [1m[35mCOMMIT[0m
Started GET "/" for 127.0.0.1 at 2023-09-27 23:08:00 +0100
  [1m[36mActiveRecord::SchemaMigration Pluck (0.6ms)[0m  [1m[34mSELECT "schema_migrations"."version" FROM "schema_migrations" ORDER BY "schema_migrations"."version" ASC[0m
Processing by RootController#index as HTML
  Rendering layout layouts/application.html.erb
  Rendering root/index.html.erb within layouts/application
  Rendered root/index.html.erb within layouts/application (Duration: 1.7ms | Allocations: 296)
  Rendered layout layouts/application.html.erb (Duration: 314.6ms | Allocations: 26443)
Completed 200 OK in 330ms (Views: 318.8ms | ActiveRecord: 0.0ms | Allocations: 30319)


Started GET "/" for 127.0.0.1 at 2023-09-27 23:09:57 +0100
  [1m[36mActiveRecord::SchemaMigration Pluck (0.5ms)[0m  [1m[34mSELECT "schema_migrations"."version" FROM "schema_migrations" ORDER BY "schema_migrations"."version" ASC[0m
Processing by RootController#index as HTML
  Rendering layout layouts/application.html.erb
  Rendering root/index.html.erb within layouts/application
  Rendered root/index.html.erb within layouts/application (Duration: 1.3ms | Allocations: 295)
  Rendered layout layouts/application.html.erb (Duration: 53.6ms | Allocations: 20449)
Completed 200 OK in 67ms (Views: 56.9ms | ActiveRecord: 0.0ms | Allocations: 24326)


Started GET "/" for 127.0.0.1 at 2023-09-27 23:10:02 +0100
Processing by RootController#index as HTML
  Rendering layout layouts/application.html.erb
  Rendering root/index.html.erb within layouts/application
  Rendered root/index.html.erb within layouts/application (Duration: 0.0ms | Allocations: 7)
  Rendered layout layouts/application.html.erb (Duration: 2.5ms | Allocations: 2198)
Completed 200 OK in 3ms (Views: 3.1ms | ActiveRecord: 0.0ms | Allocations: 2439)


Started GET "/" for 127.0.0.1 at 2023-09-27 23:10:04 +0100
Processing by RootController#index as HTML
  Rendering layout layouts/application.html.erb
  Rendering root/index.html.erb within layouts/application
  Rendered root/index.html.erb within layouts/application (Duration: 0.0ms | Allocations: 7)
  Rendered layout layouts/application.html.erb (Duration: 2.5ms | Allocations: 2178)
Completed 200 OK in 3ms (Views: 2.9ms | ActiveRecord: 0.0ms | Allocations: 2418)


Started GET "/" for 127.0.0.1 at 2023-09-27 23:10:04 +0100
Processing by RootController#index as HTML
  Rendering layout layouts/application.html.erb
  Rendering root/index.html.erb within layouts/application
  Rendered root/index.html.erb within layouts/application (Duration: 0.0ms | Allocations: 7)
  Rendered layout layouts/application.html.erb (Duration: 2.4ms | Allocations: 2193)
Completed 200 OK in 3ms (Views: 2.8ms | ActiveRecord: 0.0ms | Allocations: 2433)


Started GET "/" for 127.0.0.1 at 2023-09-27 23:10:05 +0100
Processing by RootController#index as HTML
  Rendering layout layouts/application.html.erb
  Rendering root/index.html.erb within layouts/application
  Rendered root/index.html.erb within layouts/application (Duration: 0.0ms | Allocations: 7)
  Rendered layout layouts/application.html.erb (Duration: 3.5ms | Allocations: 2178)
Completed 200 OK in 4ms (Views: 3.9ms | ActiveRecord: 0.0ms | Allocations: 2418)


Started GET "/" for 127.0.0.1 at 2023-09-27 23:10:05 +0100
Processing by RootController#index as HTML
  Rendering layout layouts/application.html.erb
  Rendering root/index.html.erb within layouts/application
  Rendered root/index.html.erb within layouts/application (Duration: 0.0ms | Allocations: 7)
  Rendered layout layouts/application.html.erb (Duration: 2.9ms | Allocations: 2204)
Completed 200 OK in 3ms (Views: 3.3ms | ActiveRecord: 0.0ms | Allocations: 2442)


Started GET "/" for 127.0.0.1 at 2023-09-27 23:10:05 +0100
Processing by RootController#index as HTML
  Rendering layout layouts/application.html.erb
  Rendering root/index.html.erb within layouts/application
  Rendered root/index.html.erb within layouts/application (Duration: 0.0ms | Allocations: 7)
  Rendered layout layouts/application.html.erb (Duration: 2.6ms | Allocations: 2177)
Completed 200 OK in 3ms (Views: 3.0ms | ActiveRecord: 0.0ms | Allocations: 2415)


Started GET "/" for 127.0.0.1 at 2023-09-27 23:10:05 +0100
Processing by RootController#index as HTML
  Rendering layout layouts/application.html.erb
  Rendering root/index.html.erb within layouts/application
  Rendered root/index.html.erb within layouts/application (Duration: 0.0ms | Allocations: 7)
  Rendered layout layouts/application.html.erb (Duration: 2.6ms | Allocations: 2198)
Completed 200 OK in 3ms (Views: 2.9ms | ActiveRecord: 0.0ms | Allocations: 2436)


Started GET "/" for 127.0.0.1 at 2023-09-27 23:10:06 +0100
Processing by RootController#index as HTML
  Rendering layout layouts/application.html.erb
  Rendering root/index.html.erb within layouts/application
  Rendered root/index.html.erb within layouts/application (Duration: 0.0ms | Allocations: 7)
  Rendered layout layouts/application.html.erb (Duration: 2.4ms | Allocations: 2183)
Completed 200 OK in 3ms (Views: 2.8ms | ActiveRecord: 0.0ms | Allocations: 2421)


Started GET "/" for 127.0.0.1 at 2023-09-27 23:10:06 +0100
Processing by RootController#index as HTML
  Rendering layout layouts/application.html.erb
  Rendering root/index.html.erb within layouts/application
  Rendered root/index.html.erb within layouts/application (Duration: 0.0ms | Allocations: 7)
  Rendered layout layouts/application.html.erb (Duration: 2.5ms | Allocations: 2177)
Completed 200 OK in 3ms (Views: 2.8ms | ActiveRecord: 0.0ms | Allocations: 2415)


Started GET "/" for 127.0.0.1 at 2023-09-27 23:10:06 +0100
Processing by RootController#index as HTML
  Rendering layout layouts/application.html.erb
  Rendering root/index.html.erb within layouts/application
  Rendered root/index.html.erb within layouts/application (Duration: 0.0ms | Allocations: 7)
  Rendered layout layouts/application.html.erb (Duration: 2.5ms | Allocations: 2189)
Completed 200 OK in 3ms (Views: 2.8ms | ActiveRecord: 0.0ms | Allocations: 2427)


Started GET "/" for 127.0.0.1 at 2023-09-27 23:22:26 +0100
Processing by RootController#index as HTML
  Rendering layout layouts/application.html.erb
  Rendering root/index.html.erb within layouts/application
  Rendered root/index.html.erb within layouts/application (Duration: 1.0ms | Allocations: 110)
  Rendered layout layouts/application.html.erb (Duration: 5.8ms | Allocations: 2595)
Completed 200 OK in 9ms (Views: 7.8ms | ActiveRecord: 0.0ms | Allocations: 3475)


Started GET "/" for 127.0.0.1 at 2023-09-27 23:22:29 +0100
Processing by RootController#index as HTML
  Rendering layout layouts/application.html.erb
  Rendering root/index.html.erb within layouts/application
  Rendered root/index.html.erb within layouts/application (Duration: 0.0ms | Allocations: 7)
  Rendered layout layouts/application.html.erb (Duration: 2.3ms | Allocations: 2183)
Completed 200 OK in 3ms (Views: 3.2ms | ActiveRecord: 0.0ms | Allocations: 2421)


Started GET "/" for 127.0.0.1 at 2023-09-27 23:22:29 +0100
Processing by RootController#index as HTML
  Rendering layout layouts/application.html.erb
  Rendering root/index.html.erb within layouts/application
  Rendered root/index.html.erb within layouts/application (Duration: 0.0ms | Allocations: 7)
  Rendered layout layouts/application.html.erb (Duration: 2.9ms | Allocations: 2195)
Completed 200 OK in 3ms (Views: 3.3ms | ActiveRecord: 0.0ms | Allocations: 2433)


Started GET "/" for 127.0.0.1 at 2023-09-27 23:22:51 +0100
  [1m[36mActiveRecord::SchemaMigration Pluck (0.6ms)[0m  [1m[34mSELECT "schema_migrations"."version" FROM "schema_migrations" ORDER BY "schema_migrations"."version" ASC[0m
Processing by RootController#index as HTML
  Rendering layout layouts/application.html.erb
  Rendering root/index.html.erb within layouts/application
  Rendered root/index.html.erb within layouts/application (Duration: 1.6ms | Allocations: 295)
  Rendered layout layouts/application.html.erb (Duration: 60.1ms | Allocations: 20620)
Completed 200 OK in 76ms (Views: 64.2ms | ActiveRecord: 0.0ms | Allocations: 24498)


Started GET "/" for 127.0.0.1 at 2023-09-27 23:22:54 +0100
Processing by RootController#index as HTML
  Rendering layout layouts/application.html.erb
  Rendering root/index.html.erb within layouts/application
  Rendered root/index.html.erb within layouts/application (Duration: 0.0ms | Allocations: 7)
  Rendered layout layouts/application.html.erb (Duration: 3.2ms | Allocations: 2198)
Completed 200 OK in 4ms (Views: 3.7ms | ActiveRecord: 0.0ms | Allocations: 2439)


Started GET "/" for 127.0.0.1 at 2023-09-27 23:22:55 +0100
Processing by RootController#index as HTML
  Rendering layout layouts/application.html.erb
  Rendering root/index.html.erb within layouts/application
  Rendered root/index.html.erb within layouts/application (Duration: 0.0ms | Allocations: 7)
  Rendered layout layouts/application.html.erb (Duration: 2.6ms | Allocations: 2190)
Completed 200 OK in 3ms (Views: 3.0ms | ActiveRecord: 0.0ms | Allocations: 2430)


Started GET "/" for 127.0.0.1 at 2023-09-27 23:22:55 +0100
Processing by RootController#index as HTML
  Rendering layout layouts/application.html.erb
  Rendering root/index.html.erb within layouts/application
  Rendered root/index.html.erb within layouts/application (Duration: 0.1ms | Allocations: 7)
  Rendered layout layouts/application.html.erb (Duration: 3.2ms | Allocations: 2214)
Completed 200 OK in 4ms (Views: 3.7ms | ActiveRecord: 0.0ms | Allocations: 2454)


Started GET "/" for 127.0.0.1 at 2023-09-27 23:22:56 +0100
Processing by RootController#index as HTML
  Rendering layout layouts/application.html.erb
  Rendering root/index.html.erb within layouts/application
  Rendered root/index.html.erb within layouts/application (Duration: 0.1ms | Allocations: 7)
  Rendered layout layouts/application.html.erb (Duration: 3.1ms | Allocations: 2214)
Completed 200 OK in 4ms (Views: 3.7ms | ActiveRecord: 0.0ms | Allocations: 2454)


Started GET "/" for 127.0.0.1 at 2023-09-27 23:22:56 +0100
Processing by RootController#index as HTML
  Rendering layout layouts/application.html.erb
  Rendering root/index.html.erb within layouts/application
  Rendered root/index.html.erb within layouts/application (Duration: 0.0ms | Allocations: 7)
  Rendered layout layouts/application.html.erb (Duration: 2.9ms | Allocations: 2192)
Completed 200 OK in 4ms (Views: 3.3ms | ActiveRecord: 0.0ms | Allocations: 2430)


Started GET "/" for 127.0.0.1 at 2023-09-27 23:22:56 +0100
Processing by RootController#index as HTML
  Rendering layout layouts/application.html.erb
  Rendering root/index.html.erb within layouts/application
  Rendered root/index.html.erb within layouts/application (Duration: 0.0ms | Allocations: 7)
  Rendered layout layouts/application.html.erb (Duration: 3.3ms | Allocations: 2189)
Completed 200 OK in 4ms (Views: 3.7ms | ActiveRecord: 0.0ms | Allocations: 2427)


Started GET "/" for 127.0.0.1 at 2023-09-27 23:22:56 +0100
Processing by RootController#index as HTML
  Rendering layout layouts/application.html.erb
  Rendering root/index.html.erb within layouts/application
  Rendered root/index.html.erb within layouts/application (Duration: 0.0ms | Allocations: 7)
  Rendered layout layouts/application.html.erb (Duration: 2.8ms | Allocations: 2177)
Completed 200 OK in 3ms (Views: 3.2ms | ActiveRecord: 0.0ms | Allocations: 2415)


Started GET "/" for 127.0.0.1 at 2023-09-27 23:34:31 +0100
Processing by RootController#index as HTML
  Rendering layout layouts/application.html.erb
  Rendering root/index.html.erb within layouts/application
  Rendered root/index.html.erb within layouts/application (Duration: 0.0ms | Allocations: 7)
  Rendered layout layouts/application.html.erb (Duration: 5.6ms | Allocations: 2180)
Completed 200 OK in 6ms (Views: 6.1ms | ActiveRecord: 0.0ms | Allocations: 2418)


Started GET "/" for 127.0.0.1 at 2023-09-27 23:34:32 +0100
Processing by RootController#index as HTML
  Rendering layout layouts/application.html.erb
  Rendering root/index.html.erb within layouts/application
  Rendered root/index.html.erb within layouts/application (Duration: 0.1ms | Allocations: 7)
  Rendered layout layouts/application.html.erb (Duration: 3.6ms | Allocations: 2189)
Completed 200 OK in 4ms (Views: 4.3ms | ActiveRecord: 0.0ms | Allocations: 2427)


Started GET "/" for 127.0.0.1 at 2023-09-27 23:34:32 +0100
Processing by RootController#index as HTML
  Rendering layout layouts/application.html.erb
  Rendering root/index.html.erb within layouts/application
  Rendered root/index.html.erb within layouts/application (Duration: 0.0ms | Allocations: 7)
  Rendered layout layouts/application.html.erb (Duration: 3.7ms | Allocations: 2180)
Completed 200 OK in 4ms (Views: 4.2ms | ActiveRecord: 0.0ms | Allocations: 2418)


  [1m[36mActiveRecord::SchemaMigration Pluck (0.6ms)[0m  [1m[34mSELECT "schema_migrations"."version" FROM "schema_migrations" ORDER BY "schema_migrations"."version" ASC[0m
  [1m[36mActiveRecord::SchemaMigration Pluck (0.2ms)[0m  [1m[34mSELECT "schema_migrations"."version" FROM "schema_migrations" ORDER BY "schema_migrations"."version" ASC[0m
  [1m[36mActiveRecord::SchemaMigration Pluck (0.1ms)[0m  [1m[34mSELECT "schema_migrations"."version" FROM "schema_migrations" ORDER BY "schema_migrations"."version" ASC[0m
  [1m[35m (0.8ms)[0m  [1m[34mSELECT pg_try_advisory_lock(6835469566630085430)[0m
  [1m[36mActiveRecord::SchemaMigration Pluck (0.2ms)[0m  [1m[34mSELECT "schema_migrations"."version" FROM "schema_migrations" ORDER BY "schema_migrations"."version" ASC[0m
Migrating to CreateMessages (20230927113800)
  [1m[36mTRANSACTION (0.2ms)[0m  [1m[35mBEGIN[0m
  [1m[35m (8.5ms)[0m  [1m[35mDROP TABLE "messages"[0m
  [1m[36mActiveRecord::SchemaMigration Delete All (0.5ms)[0m  [1m[31mDELETE FROM "schema_migrations" WHERE "schema_migrations"."version" = $1[0m  [["version", "20230927113800"]]
  [1m[36mTRANSACTION (13.5ms)[0m  [1m[35mCOMMIT[0m
  [1m[35m (0.3ms)[0m  [1m[34mSELECT pg_advisory_unlock(6835469566630085430)[0m
  [1m[36mActiveRecord::SchemaMigration Pluck (0.6ms)[0m  [1m[34mSELECT "schema_migrations"."version" FROM "schema_migrations" ORDER BY "schema_migrations"."version" ASC[0m
  [1m[36mActiveRecord::SchemaMigration Pluck (0.5ms)[0m  [1m[34mSELECT "schema_migrations"."version" FROM "schema_migrations" ORDER BY "schema_migrations"."version" ASC[0m
  [1m[36mActiveRecord::SchemaMigration Pluck (0.1ms)[0m  [1m[34mSELECT "schema_migrations"."version" FROM "schema_migrations" ORDER BY "schema_migrations"."version" ASC[0m
  [1m[35m (0.2ms)[0m  [1m[34mSELECT pg_try_advisory_lock(6835469566630085430)[0m
  [1m[36mActiveRecord::SchemaMigration Pluck (0.2ms)[0m  [1m[34mSELECT "schema_migrations"."version" FROM "schema_migrations" ORDER BY "schema_migrations"."version" ASC[0m
  [1m[35m (0.2ms)[0m  [1m[34mSELECT pg_advisory_unlock(6835469566630085430)[0m
  [1m[36mActiveRecord::SchemaMigration Pluck (0.4ms)[0m  [1m[34mSELECT "schema_migrations"."version" FROM "schema_migrations" ORDER BY "schema_migrations"."version" ASC[0m
  [1m[36mActiveRecord::SchemaMigration Pluck (0.5ms)[0m  [1m[34mSELECT "schema_migrations"."version" FROM "schema_migrations" ORDER BY "schema_migrations"."version" ASC[0m
  [1m[36mActiveRecord::SchemaMigration Pluck (0.1ms)[0m  [1m[34mSELECT "schema_migrations"."version" FROM "schema_migrations" ORDER BY "schema_migrations"."version" ASC[0m
  [1m[35m (0.2ms)[0m  [1m[34mSELECT pg_try_advisory_lock(6835469566630085430)[0m
  [1m[36mActiveRecord::SchemaMigration Pluck (0.2ms)[0m  [1m[34mSELECT "schema_migrations"."version" FROM "schema_migrations" ORDER BY "schema_migrations"."version" ASC[0m
  [1m[35m (0.2ms)[0m  [1m[34mSELECT pg_advisory_unlock(6835469566630085430)[0m
  [1m[36mActiveRecord::SchemaMigration Pluck (0.5ms)[0m  [1m[34mSELECT "schema_migrations"."version" FROM "schema_migrations" ORDER BY "schema_migrations"."version" ASC[0m
  [1m[36mActiveRecord::SchemaMigration Pluck (0.5ms)[0m  [1m[34mSELECT "schema_migrations"."version" FROM "schema_migrations" ORDER BY "schema_migrations"."version" ASC[0m
  [1m[36mActiveRecord::SchemaMigration Pluck (0.1ms)[0m  [1m[34mSELECT "schema_migrations"."version" FROM "schema_migrations" ORDER BY "schema_migrations"."version" ASC[0m
  [1m[35m (73.8ms)[0m  [1m[35mDROP DATABASE IF EXISTS "hello_rails_react_development"[0m
  [1m[35m (52.2ms)[0m  [1m[35mDROP DATABASE IF EXISTS "hello_rails_react_test"[0m
  [1m[35m (223.8ms)[0m  [1m[35mCREATE DATABASE "hello_rails_react_development" ENCODING = 'unicode'[0m
  [1m[35m (109.5ms)[0m  [1m[35mCREATE DATABASE "hello_rails_react_test" ENCODING = 'unicode'[0m
  [1m[35m (3.9ms)[0m  [1m[35mCREATE TABLE "schema_migrations" ("version" character varying NOT NULL PRIMARY KEY)[0m
  [1m[35m (2.6ms)[0m  [1m[35mCREATE TABLE "ar_internal_metadata" ("key" character varying NOT NULL PRIMARY KEY, "value" character varying, "created_at" timestamp(6) NOT NULL, "updated_at" timestamp(6) NOT NULL)[0m
  [1m[35m (0.2ms)[0m  [1m[34mSELECT pg_try_advisory_lock(6835469566630085430)[0m
  [1m[36mActiveRecord::SchemaMigration Pluck (1.0ms)[0m  [1m[34mSELECT "schema_migrations"."version" FROM "schema_migrations" ORDER BY "schema_migrations"."version" ASC[0m
Migrating to CreateMessages (20230927231118)
  [1m[36mTRANSACTION (0.1ms)[0m  [1m[35mBEGIN[0m
  [1m[35m (3.0ms)[0m  [1m[35mCREATE TABLE "messages" ("id" bigserial primary key, "content" character varying, "created_at" timestamp(6) NOT NULL, "updated_at" timestamp(6) NOT NULL)[0m
  [1m[36mActiveRecord::SchemaMigration Create (0.7ms)[0m  [1m[32mINSERT INTO "schema_migrations" ("version") VALUES ($1) RETURNING "version"[0m  [["version", "20230927231118"]]
  [1m[36mTRANSACTION (0.9ms)[0m  [1m[35mCOMMIT[0m
  [1m[36mActiveRecord::InternalMetadata Load (0.4ms)[0m  [1m[34mSELECT "ar_internal_metadata".* FROM "ar_internal_metadata" WHERE "ar_internal_metadata"."key" = $1 LIMIT $2[0m  [["key", "environment"], ["LIMIT", 1]]
  [1m[36mTRANSACTION (0.1ms)[0m  [1m[35mBEGIN[0m
  [1m[36mActiveRecord::InternalMetadata Create (0.5ms)[0m  [1m[32mINSERT INTO "ar_internal_metadata" ("key", "value", "created_at", "updated_at") VALUES ($1, $2, $3, $4) RETURNING "key"[0m  [["key", "environment"], ["value", "development"], ["created_at", "2023-09-27 23:13:09.999443"], ["updated_at", "2023-09-27 23:13:09.999443"]]
  [1m[36mTRANSACTION (0.7ms)[0m  [1m[35mCOMMIT[0m
  [1m[35m (0.3ms)[0m  [1m[34mSELECT pg_advisory_unlock(6835469566630085430)[0m
  [1m[36mActiveRecord::SchemaMigration Pluck (0.6ms)[0m  [1m[34mSELECT "schema_migrations"."version" FROM "schema_migrations" ORDER BY "schema_migrations"."version" ASC[0m
  [1m[36mActiveRecord::SchemaMigration Pluck (0.5ms)[0m  [1m[34mSELECT "schema_migrations"."version" FROM "schema_migrations" ORDER BY "schema_migrations"."version" ASC[0m
  [1m[36mTRANSACTION (0.1ms)[0m  [1m[35mBEGIN[0m
  [1m[36mMessage Create (0.6ms)[0m  [1m[32mINSERT INTO "messages" ("content", "created_at", "updated_at") VALUES ($1, $2, $3) RETURNING "id"[0m  [["content", "Hello React Rails"], ["created_at", "2023-09-27 23:13:23.396471"], ["updated_at", "2023-09-27 23:13:23.396471"]]
  [1m[36mTRANSACTION (0.4ms)[0m  [1m[35mCOMMIT[0m
  [1m[36mTRANSACTION (0.1ms)[0m  [1m[35mBEGIN[0m
  [1m[36mMessage Create (0.2ms)[0m  [1m[32mINSERT INTO "messages" ("content", "created_at", "updated_at") VALUES ($1, $2, $3) RETURNING "id"[0m  [["content", "Welcome Rails React"], ["created_at", "2023-09-27 23:13:23.400302"], ["updated_at", "2023-09-27 23:13:23.400302"]]
  [1m[36mTRANSACTION (0.3ms)[0m  [1m[35mCOMMIT[0m
  [1m[36mTRANSACTION (0.1ms)[0m  [1m[35mBEGIN[0m
  [1m[36mMessage Create (0.2ms)[0m  [1m[32mINSERT INTO "messages" ("content", "created_at", "updated_at") VALUES ($1, $2, $3) RETURNING "id"[0m  [["content", "I like React not Redux"], ["created_at", "2023-09-27 23:13:23.403239"], ["updated_at", "2023-09-27 23:13:23.403239"]]
  [1m[36mTRANSACTION (0.4ms)[0m  [1m[35mCOMMIT[0m
  [1m[36mTRANSACTION (0.1ms)[0m  [1m[35mBEGIN[0m
  [1m[36mMessage Create (0.2ms)[0m  [1m[32mINSERT INTO "messages" ("content", "created_at", "updated_at") VALUES ($1, $2, $3) RETURNING "id"[0m  [["content", "React is good without Redux"], ["created_at", "2023-09-27 23:13:23.406210"], ["updated_at", "2023-09-27 23:13:23.406210"]]
  [1m[36mTRANSACTION (0.3ms)[0m  [1m[35mCOMMIT[0m
  [1m[36mTRANSACTION (0.1ms)[0m  [1m[35mBEGIN[0m
  [1m[36mMessage Create (0.2ms)[0m  [1m[32mINSERT INTO "messages" ("content", "created_at", "updated_at") VALUES ($1, $2, $3) RETURNING "id"[0m  [["content", "Hello anyways to React in Rails"], ["created_at", "2023-09-27 23:13:23.409722"], ["updated_at", "2023-09-27 23:13:23.409722"]]
  [1m[36mTRANSACTION (0.2ms)[0m  [1m[35mCOMMIT[0m
Started GET "/" for 127.0.0.1 at 2023-09-28 00:30:56 +0100
  [1m[36mActiveRecord::SchemaMigration Pluck (1.1ms)[0m  [1m[34mSELECT "schema_migrations"."version" FROM "schema_migrations" ORDER BY "schema_migrations"."version" ASC[0m
Processing by RootController#index as HTML
  Rendering layout layouts/application.html.erb
  Rendering root/index.html.erb within layouts/application
  Rendered root/index.html.erb within layouts/application (Duration: 0.7ms | Allocations: 110)
  Rendered layout layouts/application.html.erb (Duration: 386.1ms | Allocations: 6526)
Completed 200 OK in 389ms (Views: 387.8ms | ActiveRecord: 0.0ms | Allocations: 7406)


Started GET "/" for 127.0.0.1 at 2023-09-28 00:30:59 +0100
Processing by RootController#index as HTML
  Rendering layout layouts/application.html.erb
  Rendering root/index.html.erb within layouts/application
  Rendered root/index.html.erb within layouts/application (Duration: 0.0ms | Allocations: 7)
  Rendered layout layouts/application.html.erb (Duration: 3.6ms | Allocations: 2177)
Completed 200 OK in 4ms (Views: 4.0ms | ActiveRecord: 0.0ms | Allocations: 2416)


Started GET "/" for 127.0.0.1 at 2023-09-28 00:30:59 +0100
Processing by RootController#index as HTML
  Rendering layout layouts/application.html.erb
  Rendering root/index.html.erb within layouts/application
  Rendered root/index.html.erb within layouts/application (Duration: 0.1ms | Allocations: 7)
  Rendered layout layouts/application.html.erb (Duration: 3.4ms | Allocations: 2180)
Completed 200 OK in 4ms (Views: 3.8ms | ActiveRecord: 0.0ms | Allocations: 2418)


Started GET "/" for 127.0.0.1 at 2023-09-28 00:36:31 +0100
  [1m[36mActiveRecord::SchemaMigration Pluck (0.8ms)[0m  [1m[34mSELECT "schema_migrations"."version" FROM "schema_migrations" ORDER BY "schema_migrations"."version" ASC[0m
Processing by RootController#index as HTML
  Rendering layout layouts/application.html.erb
  Rendering root/index.html.erb within layouts/application
  Rendered root/index.html.erb within layouts/application (Duration: 1.4ms | Allocations: 295)
  Rendered layout layouts/application.html.erb (Duration: 402.4ms | Allocations: 27223)
Completed 200 OK in 420ms (Views: 406.3ms | ActiveRecord: 0.0ms | Allocations: 31126)


Started GET "/api/greetings/random" for 127.0.0.1 at 2023-09-28 00:36:32 +0100
Processing by Api::GreetingsController#random as HTML
  [1m[36mMessage Load (2.0ms)[0m  [1m[34mSELECT "messages".* FROM "messages" ORDER BY RANDOM() LIMIT $1[0m  [["LIMIT", 1]]
  ↳ app/controllers/api/greetings_controller.rb:3:in `random'
Completed 200 OK in 20ms (Views: 0.3ms | ActiveRecord: 7.2ms | Allocations: 5785)


Started GET "/" for 127.0.0.1 at 2023-09-28 00:36:41 +0100
Processing by RootController#index as HTML
  Rendering layout layouts/application.html.erb
  Rendering root/index.html.erb within layouts/application
  Rendered root/index.html.erb within layouts/application (Duration: 0.0ms | Allocations: 7)
  Rendered layout layouts/application.html.erb (Duration: 2.5ms | Allocations: 2190)
Completed 200 OK in 3ms (Views: 3.0ms | ActiveRecord: 0.0ms | Allocations: 2431)


Started GET "/api/greetings/random" for 127.0.0.1 at 2023-09-28 00:36:42 +0100
Processing by Api::GreetingsController#random as HTML
  [1m[36mMessage Load (0.3ms)[0m  [1m[34mSELECT "messages".* FROM "messages" ORDER BY RANDOM() LIMIT $1[0m  [["LIMIT", 1]]
  ↳ app/controllers/api/greetings_controller.rb:3:in `random'
Completed 200 OK in 2ms (Views: 0.2ms | ActiveRecord: 0.3ms | Allocations: 722)


Started GET "/" for 127.0.0.1 at 2023-09-28 00:36:43 +0100
Processing by RootController#index as HTML
  Rendering layout layouts/application.html.erb
  Rendering root/index.html.erb within layouts/application
  Rendered root/index.html.erb within layouts/application (Duration: 0.0ms | Allocations: 7)
  Rendered layout layouts/application.html.erb (Duration: 2.4ms | Allocations: 2190)
Completed 200 OK in 3ms (Views: 3.0ms | ActiveRecord: 0.0ms | Allocations: 2430)


Started GET "/api/greetings/random" for 127.0.0.1 at 2023-09-28 00:36:44 +0100
Processing by Api::GreetingsController#random as HTML
  [1m[36mMessage Load (0.3ms)[0m  [1m[34mSELECT "messages".* FROM "messages" ORDER BY RANDOM() LIMIT $1[0m  [["LIMIT", 1]]
  ↳ app/controllers/api/greetings_controller.rb:3:in `random'
Completed 200 OK in 2ms (Views: 0.2ms | ActiveRecord: 0.3ms | Allocations: 721)


Started GET "/" for 127.0.0.1 at 2023-09-28 00:36:45 +0100
Processing by RootController#index as HTML
  Rendering layout layouts/application.html.erb
  Rendering root/index.html.erb within layouts/application
  Rendered root/index.html.erb within layouts/application (Duration: 0.0ms | Allocations: 7)
  Rendered layout layouts/application.html.erb (Duration: 3.4ms | Allocations: 2187)
Completed 200 OK in 4ms (Views: 3.8ms | ActiveRecord: 0.0ms | Allocations: 2428)


Started GET "/api/greetings/random" for 127.0.0.1 at 2023-09-28 00:36:46 +0100
Processing by Api::GreetingsController#random as HTML
  [1m[36mMessage Load (0.3ms)[0m  [1m[34mSELECT "messages".* FROM "messages" ORDER BY RANDOM() LIMIT $1[0m  [["LIMIT", 1]]
  ↳ app/controllers/api/greetings_controller.rb:3:in `random'
Completed 200 OK in 2ms (Views: 0.1ms | ActiveRecord: 0.3ms | Allocations: 721)


Started GET "/" for 127.0.0.1 at 2023-09-28 00:36:46 +0100
Processing by RootController#index as HTML
  Rendering layout layouts/application.html.erb
  Rendering root/index.html.erb within layouts/application
  Rendered root/index.html.erb within layouts/application (Duration: 0.0ms | Allocations: 7)
  Rendered layout layouts/application.html.erb (Duration: 2.8ms | Allocations: 2178)
Completed 200 OK in 3ms (Views: 3.1ms | ActiveRecord: 0.0ms | Allocations: 2418)


Started GET "/api/greetings/random" for 127.0.0.1 at 2023-09-28 00:36:47 +0100
Processing by Api::GreetingsController#random as HTML
  [1m[36mMessage Load (0.3ms)[0m  [1m[34mSELECT "messages".* FROM "messages" ORDER BY RANDOM() LIMIT $1[0m  [["LIMIT", 1]]
  ↳ app/controllers/api/greetings_controller.rb:3:in `random'
Completed 200 OK in 2ms (Views: 0.1ms | ActiveRecord: 0.3ms | Allocations: 721)


Started GET "/" for 127.0.0.1 at 2023-09-28 00:36:47 +0100
Processing by RootController#index as HTML
  Rendering layout layouts/application.html.erb
  Rendering root/index.html.erb within layouts/application
  Rendered root/index.html.erb within layouts/application (Duration: 0.0ms | Allocations: 7)
  Rendered layout layouts/application.html.erb (Duration: 2.7ms | Allocations: 2192)
Completed 200 OK in 3ms (Views: 3.1ms | ActiveRecord: 0.0ms | Allocations: 2430)


Started GET "/api/greetings/random" for 127.0.0.1 at 2023-09-28 00:36:47 +0100
Processing by Api::GreetingsController#random as HTML
  [1m[36mMessage Load (0.3ms)[0m  [1m[34mSELECT "messages".* FROM "messages" ORDER BY RANDOM() LIMIT $1[0m  [["LIMIT", 1]]
  ↳ app/controllers/api/greetings_controller.rb:3:in `random'
Completed 200 OK in 2ms (Views: 0.1ms | ActiveRecord: 0.3ms | Allocations: 710)


Started GET "/" for 127.0.0.1 at 2023-09-28 00:36:48 +0100
Processing by RootController#index as HTML
  Rendering layout layouts/application.html.erb
  Rendering root/index.html.erb within layouts/application
  Rendered root/index.html.erb within layouts/application (Duration: 0.0ms | Allocations: 7)
  Rendered layout layouts/application.html.erb (Duration: 3.4ms | Allocations: 2204)
Completed 200 OK in 4ms (Views: 3.9ms | ActiveRecord: 0.0ms | Allocations: 2442)


Started GET "/api/greetings/random" for 127.0.0.1 at 2023-09-28 00:36:48 +0100
Processing by Api::GreetingsController#random as HTML
  [1m[36mMessage Load (0.3ms)[0m  [1m[34mSELECT "messages".* FROM "messages" ORDER BY RANDOM() LIMIT $1[0m  [["LIMIT", 1]]
  ↳ app/controllers/api/greetings_controller.rb:3:in `random'
Completed 200 OK in 2ms (Views: 0.2ms | ActiveRecord: 0.3ms | Allocations: 710)


Started GET "/" for 127.0.0.1 at 2023-09-28 00:36:49 +0100
Processing by RootController#index as HTML
  Rendering layout layouts/application.html.erb
  Rendering root/index.html.erb within layouts/application
  Rendered root/index.html.erb within layouts/application (Duration: 0.0ms | Allocations: 7)
  Rendered layout layouts/application.html.erb (Duration: 2.5ms | Allocations: 2192)
Completed 200 OK in 3ms (Views: 2.9ms | ActiveRecord: 0.0ms | Allocations: 2430)


Started GET "/api/greetings/random" for 127.0.0.1 at 2023-09-28 00:36:49 +0100
Processing by Api::GreetingsController#random as HTML
  [1m[36mMessage Load (0.3ms)[0m  [1m[34mSELECT "messages".* FROM "messages" ORDER BY RANDOM() LIMIT $1[0m  [["LIMIT", 1]]
  ↳ app/controllers/api/greetings_controller.rb:3:in `random'
Completed 200 OK in 2ms (Views: 0.1ms | ActiveRecord: 0.3ms | Allocations: 710)


Started GET "/" for 127.0.0.1 at 2023-09-28 00:36:49 +0100
Processing by RootController#index as HTML
  Rendering layout layouts/application.html.erb
  Rendering root/index.html.erb within layouts/application
  Rendered root/index.html.erb within layouts/application (Duration: 0.0ms | Allocations: 7)
  Rendered layout layouts/application.html.erb (Duration: 2.7ms | Allocations: 2186)
Completed 200 OK in 3ms (Views: 3.1ms | ActiveRecord: 0.0ms | Allocations: 2424)


Started GET "/api/greetings/random" for 127.0.0.1 at 2023-09-28 00:36:49 +0100
Processing by Api::GreetingsController#random as HTML
  [1m[36mMessage Load (0.3ms)[0m  [1m[34mSELECT "messages".* FROM "messages" ORDER BY RANDOM() LIMIT $1[0m  [["LIMIT", 1]]
  ↳ app/controllers/api/greetings_controller.rb:3:in `random'
Completed 200 OK in 2ms (Views: 0.2ms | ActiveRecord: 0.3ms | Allocations: 710)


Started GET "/" for 127.0.0.1 at 2023-09-28 00:37:13 +0100
Processing by RootController#index as HTML
  Rendering layout layouts/application.html.erb
  Rendering root/index.html.erb within layouts/application
  Rendered root/index.html.erb within layouts/application (Duration: 0.0ms | Allocations: 10)
  Rendered layout layouts/application.html.erb (Duration: 3.1ms | Allocations: 2296)
Completed 200 OK in 4ms (Views: 4.0ms | ActiveRecord: 0.0ms | Allocations: 2800)


Started GET "/api/greetings/random" for 127.0.0.1 at 2023-09-28 00:37:13 +0100
Processing by Api::GreetingsController#random as HTML
  [1m[36mMessage Load (0.3ms)[0m  [1m[34mSELECT "messages".* FROM "messages" ORDER BY RANDOM() LIMIT $1[0m  [["LIMIT", 1]]
  ↳ app/controllers/api/greetings_controller.rb:3:in `random'
Completed 200 OK in 9ms (Views: 0.2ms | ActiveRecord: 3.6ms | Allocations: 2625)


Started GET "/" for 127.0.0.1 at 2023-09-28 00:37:14 +0100
Processing by RootController#index as HTML
  Rendering layout layouts/application.html.erb
  Rendering root/index.html.erb within layouts/application
  Rendered root/index.html.erb within layouts/application (Duration: 0.0ms | Allocations: 7)
  Rendered layout layouts/application.html.erb (Duration: 2.7ms | Allocations: 2196)
Completed 200 OK in 3ms (Views: 3.1ms | ActiveRecord: 0.0ms | Allocations: 2435)


Started GET "/api/greetings/random" for 127.0.0.1 at 2023-09-28 00:37:14 +0100
Processing by Api::GreetingsController#random as HTML
  [1m[36mMessage Load (0.3ms)[0m  [1m[34mSELECT "messages".* FROM "messages" ORDER BY RANDOM() LIMIT $1[0m  [["LIMIT", 1]]
  ↳ app/controllers/api/greetings_controller.rb:3:in `random'
Completed 200 OK in 2ms (Views: 0.2ms | ActiveRecord: 0.3ms | Allocations: 710)


Started GET "/" for 127.0.0.1 at 2023-09-28 00:37:14 +0100
Processing by RootController#index as HTML
  Rendering layout layouts/application.html.erb
  Rendering root/index.html.erb within layouts/application
  Rendered root/index.html.erb within layouts/application (Duration: 0.0ms | Allocations: 7)
  Rendered layout layouts/application.html.erb (Duration: 3.9ms | Allocations: 2204)
Completed 200 OK in 5ms (Views: 4.5ms | ActiveRecord: 0.0ms | Allocations: 2442)


Started GET "/api/greetings/random" for 127.0.0.1 at 2023-09-28 00:37:14 +0100
Processing by Api::GreetingsController#random as HTML
  [1m[36mMessage Load (0.3ms)[0m  [1m[34mSELECT "messages".* FROM "messages" ORDER BY RANDOM() LIMIT $1[0m  [["LIMIT", 1]]
  ↳ app/controllers/api/greetings_controller.rb:3:in `random'
Completed 200 OK in 2ms (Views: 0.1ms | ActiveRecord: 0.3ms | Allocations: 710)


